2020-04-24 11:51:08,639 INFO com.sapient.webhookalert.WebhookAlertApplication [restartedMain] Starting WebhookAlertApplication on WKWIN6139632 with PID 31500 (C:\Users\akasingh9\Desktop\MicroServicesPractice\webhook-alert\target\classes started by akasingh9 in C:\Users\akasingh9\Desktop\MicroServicesPractice\webhook-alert)
2020-04-24 11:51:08,641 DEBUG com.sapient.webhookalert.WebhookAlertApplication [restartedMain] Running with Spring Boot v2.2.6.RELEASE, Spring v5.2.5.RELEASE
2020-04-24 11:51:08,642 INFO com.sapient.webhookalert.WebhookAlertApplication [restartedMain] No active profile set, falling back to default profiles: default
2020-04-24 11:51:10,275 INFO com.sapient.webhookalert.WebhookAlertApplication [restartedMain] Started WebhookAlertApplication in 1.952 seconds (JVM running for 2.431)
2020-04-24 11:51:30,109 INFO com.sapient.controller.WebHookController [http-nio-6769-exec-1] You're alerted!
2020-04-24 11:51:42,062 INFO com.sapient.webhookalert.WebhookAlertApplication [restartedMain] Starting WebhookAlertApplication on WKWIN6139632 with PID 31500 (C:\Users\akasingh9\Desktop\MicroServicesPractice\webhook-alert\target\classes started by akasingh9 in C:\Users\akasingh9\Desktop\MicroServicesPractice\webhook-alert)
2020-04-24 11:51:42,062 DEBUG com.sapient.webhookalert.WebhookAlertApplication [restartedMain] Running with Spring Boot v2.2.6.RELEASE, Spring v5.2.5.RELEASE
2020-04-24 11:51:42,063 INFO com.sapient.webhookalert.WebhookAlertApplication [restartedMain] No active profile set, falling back to default profiles: default
2020-04-24 11:51:42,426 INFO com.sapient.webhookalert.WebhookAlertApplication [restartedMain] Started WebhookAlertApplication in 0.406 seconds (JVM running for 34.583)
2020-04-24 11:52:09,393 INFO com.sapient.webhookalert.WebhookAlertApplicationTests [main] Starting WebhookAlertApplicationTests on WKWIN6139632 with PID 35820 (started by akasingh9 in C:\Users\akasingh9\Desktop\MicroServicesPractice\webhook-alert)
2020-04-24 11:52:09,396 DEBUG com.sapient.webhookalert.WebhookAlertApplicationTests [main] Running with Spring Boot v2.2.6.RELEASE, Spring v5.2.5.RELEASE
2020-04-24 11:52:09,396 INFO com.sapient.webhookalert.WebhookAlertApplicationTests [main] No active profile set, falling back to default profiles: default
2020-04-24 11:52:10,774 INFO com.sapient.webhookalert.WebhookAlertApplicationTests [main] Started WebhookAlertApplicationTests in 1.594 seconds (JVM running for 2.465)
2020-04-24 11:56:47,886 INFO com.sapient.webhookalert.WebhookAlertApplication [restartedMain] Starting WebhookAlertApplication on WKWIN6139632 with PID 36248 (C:\Users\akasingh9\Desktop\MicroServicesPractice\webhook-alert\target\classes started by akasingh9 in C:\Users\akasingh9\Desktop\MicroServicesPractice\webhook-alert)
2020-04-24 11:56:47,889 DEBUG com.sapient.webhookalert.WebhookAlertApplication [restartedMain] Running with Spring Boot v2.2.6.RELEASE, Spring v5.2.5.RELEASE
2020-04-24 11:56:47,890 INFO com.sapient.webhookalert.WebhookAlertApplication [restartedMain] No active profile set, falling back to default profiles: default
2020-04-24 11:56:49,576 INFO com.sapient.webhookalert.WebhookAlertApplication [restartedMain] Started WebhookAlertApplication in 2.025 seconds (JVM running for 2.527)
2020-04-24 12:28:24,051 INFO com.sapient.webhookalert.WebhookAlertApplication [restartedMain] Starting WebhookAlertApplication on WKWIN6139632 with PID 33872 (C:\Users\akasingh9\Desktop\MicroServicesPractice\webhook-alert\target\classes started by akasingh9 in C:\Users\akasingh9\Desktop\MicroServicesPractice\webhook-alert)
2020-04-24 12:28:24,054 DEBUG com.sapient.webhookalert.WebhookAlertApplication [restartedMain] Running with Spring Boot v2.2.6.RELEASE, Spring v5.2.5.RELEASE
2020-04-24 12:28:24,054 INFO com.sapient.webhookalert.WebhookAlertApplication [restartedMain] No active profile set, falling back to default profiles: default
2020-04-24 12:28:25,756 INFO com.sapient.webhookalert.WebhookAlertApplication [restartedMain] Started WebhookAlertApplication in 2.068 seconds (JVM running for 2.524)
2020-04-24 12:29:15,992 INFO com.sapient.controller.WebHookController [http-nio-6769-exec-1] You're alerted!
2020-04-24 12:29:28,667 INFO com.sapient.controller.WebHookController [http-nio-6769-exec-3] You're alerted!
2020-04-24 12:31:01,658 INFO com.sapient.webhookalert.WebhookAlertApplicationTests [main] Starting WebhookAlertApplicationTests on WKWIN6139632 with PID 36312 (started by akasingh9 in C:\Users\akasingh9\Desktop\MicroServicesPractice\webhook-alert)
2020-04-24 12:31:01,661 DEBUG com.sapient.webhookalert.WebhookAlertApplicationTests [main] Running with Spring Boot v2.2.6.RELEASE, Spring v5.2.5.RELEASE
2020-04-24 12:31:01,661 INFO com.sapient.webhookalert.WebhookAlertApplicationTests [main] No active profile set, falling back to default profiles: default
2020-04-24 12:31:02,981 INFO com.sapient.webhookalert.WebhookAlertApplicationTests [main] Started WebhookAlertApplicationTests in 1.551 seconds (JVM running for 2.626)
2020-04-24 12:54:53,158 INFO com.sapient.webhookalert.WebhookAlertApplication [restartedMain] Starting WebhookAlertApplication on WKWIN6139632 with PID 30416 (C:\Users\akasingh9\Desktop\MicroServicesPractice\webhook-alert\target\classes started by akasingh9 in C:\Users\akasingh9\Desktop\MicroServicesPractice\webhook-alert)
2020-04-24 12:54:53,161 DEBUG com.sapient.webhookalert.WebhookAlertApplication [restartedMain] Running with Spring Boot v2.2.6.RELEASE, Spring v5.2.5.RELEASE
2020-04-24 12:54:53,161 INFO com.sapient.webhookalert.WebhookAlertApplication [restartedMain] No active profile set, falling back to default profiles: default
2020-04-24 12:54:54,767 INFO com.sapient.webhookalert.WebhookAlertApplication [restartedMain] Started WebhookAlertApplication in 1.93 seconds (JVM running for 2.398)
2020-04-24 12:55:24,816 INFO com.sapient.controller.WebHookController [http-nio-6769-exec-1] hey there
2020-04-24 12:55:32,392 INFO com.sapient.controller.WebHookController [http-nio-6769-exec-3] hey there
wassup mate
2020-04-24 12:55:40,789 INFO com.sapient.controller.WebHookController [http-nio-6769-exec-4] hey there
wassup mate
how are you

2020-04-24 12:56:31,788 INFO com.sapient.webhookalert.WebhookAlertApplicationTests [main] Starting WebhookAlertApplicationTests on WKWIN6139632 with PID 34124 (started by akasingh9 in C:\Users\akasingh9\Desktop\MicroServicesPractice\webhook-alert)
2020-04-24 12:56:31,790 DEBUG com.sapient.webhookalert.WebhookAlertApplicationTests [main] Running with Spring Boot v2.2.6.RELEASE, Spring v5.2.5.RELEASE
2020-04-24 12:56:31,791 INFO com.sapient.webhookalert.WebhookAlertApplicationTests [main] No active profile set, falling back to default profiles: default
2020-04-24 12:56:33,163 INFO com.sapient.webhookalert.WebhookAlertApplicationTests [main] Started WebhookAlertApplicationTests in 1.583 seconds (JVM running for 2.536)
2020-04-24 14:15:03,404 INFO com.sapient.webhookalert.WebhookAlertApplication [restartedMain] Starting WebhookAlertApplication on WKWIN6139632 with PID 33188 (C:\Users\akasingh9\Desktop\MicroServicesPractice\webhook-alert\target\classes started by akasingh9 in C:\Users\akasingh9\Desktop\MicroServicesPractice\webhook-alert)
2020-04-24 14:15:03,409 DEBUG com.sapient.webhookalert.WebhookAlertApplication [restartedMain] Running with Spring Boot v2.2.6.RELEASE, Spring v5.2.5.RELEASE
2020-04-24 14:15:03,409 INFO com.sapient.webhookalert.WebhookAlertApplication [restartedMain] No active profile set, falling back to default profiles: default
2020-04-24 14:15:06,487 INFO com.sapient.webhookalert.WebhookAlertApplication [restartedMain] Started WebhookAlertApplication in 3.782 seconds (JVM running for 4.883)
2020-04-24 14:15:39,877 INFO com.sapient.controller.WebHookController [http-nio-6769-exec-2] hey there
wassup mate
how are you
your app has generated an error

2020-04-24 14:17:24,896 INFO com.sapient.webhookalert.WebhookAlertApplicationTests [main] Starting WebhookAlertApplicationTests on WKWIN6139632 with PID 7388 (started by akasingh9 in C:\Users\akasingh9\Desktop\MicroServicesPractice\webhook-alert)
2020-04-24 14:17:24,901 DEBUG com.sapient.webhookalert.WebhookAlertApplicationTests [main] Running with Spring Boot v2.2.6.RELEASE, Spring v5.2.5.RELEASE
2020-04-24 14:17:24,901 INFO com.sapient.webhookalert.WebhookAlertApplicationTests [main] No active profile set, falling back to default profiles: default
2020-04-24 14:17:27,129 INFO com.sapient.webhookalert.WebhookAlertApplicationTests [main] Started WebhookAlertApplicationTests in 2.634 seconds (JVM running for 4.393)
