2020-04-25 18:52:03,317 INFO com.sapient.webhookalert.WebhookAlertApplication [restartedMain] Starting WebhookAlertApplication on WKWIN6139632 with PID 23068 (C:\Users\akasingh9\Desktop\MicroServicesPractice\webhook-alert\target\classes started by akasingh9 in C:\Users\akasingh9\Desktop\MicroServicesPractice\webhook-alert)
2020-04-25 18:52:03,329 DEBUG com.sapient.webhookalert.WebhookAlertApplication [restartedMain] Running with Spring Boot v2.2.6.RELEASE, Spring v5.2.5.RELEASE
2020-04-25 18:52:03,330 INFO com.sapient.webhookalert.WebhookAlertApplication [restartedMain] No active profile set, falling back to default profiles: default
2020-04-25 18:52:05,513 INFO com.sapient.webhookalert.WebhookAlertApplication [restartedMain] Started WebhookAlertApplication in 2.562 seconds (JVM running for 3.19)
2020-04-25 18:52:40,825 INFO com.sapient.controller.WebHookController [http-nio-6769-exec-2] hey there
wassup mate
how are you
your app has generated an error
kindly review
2020-04-25 18:54:19,771 INFO com.sapient.webhookalert.WebhookAlertApplication [restartedMain] Starting WebhookAlertApplication on WKWIN6139632 with PID 29484 (C:\Users\akasingh9\Desktop\MicroServicesPractice\webhook-alert\target\classes started by akasingh9 in C:\Users\akasingh9\Desktop\MicroServicesPractice\webhook-alert)
2020-04-25 18:54:19,773 DEBUG com.sapient.webhookalert.WebhookAlertApplication [restartedMain] Running with Spring Boot v2.2.6.RELEASE, Spring v5.2.5.RELEASE
2020-04-25 18:54:19,774 INFO com.sapient.webhookalert.WebhookAlertApplication [restartedMain] No active profile set, falling back to default profiles: default
2020-04-25 18:54:21,610 INFO com.sapient.webhookalert.WebhookAlertApplication [restartedMain] Started WebhookAlertApplication in 2.212 seconds (JVM running for 2.814)
2020-04-25 18:55:10,353 INFO com.sapient.webhookalert.WebhookAlertApplication [restartedMain] Starting WebhookAlertApplication on WKWIN6139632 with PID 27192 (C:\Users\akasingh9\Desktop\MicroServicesPractice\webhook-alert\target\classes started by akasingh9 in C:\Users\akasingh9\Desktop\MicroServicesPractice\webhook-alert)
2020-04-25 18:55:10,356 DEBUG com.sapient.webhookalert.WebhookAlertApplication [restartedMain] Running with Spring Boot v2.2.6.RELEASE, Spring v5.2.5.RELEASE
2020-04-25 18:55:10,356 INFO com.sapient.webhookalert.WebhookAlertApplication [restartedMain] No active profile set, falling back to default profiles: default
2020-04-25 18:55:12,203 INFO com.sapient.webhookalert.WebhookAlertApplication [restartedMain] Started WebhookAlertApplication in 2.19 seconds (JVM running for 2.727)
2020-04-25 18:55:27,999 INFO com.sapient.controller.WebHookController [http-nio-6769-exec-2] hey there
wassup mate
how are you
your app has generated an error
kindly review
2020-04-25 18:56:07,920 INFO com.sapient.webhookalert.WebhookAlertApplication [restartedMain] Starting WebhookAlertApplication on WKWIN6139632 with PID 1856 (C:\Users\akasingh9\Desktop\MicroServicesPractice\webhook-alert\target\classes started by akasingh9 in C:\Users\akasingh9\Desktop\MicroServicesPractice\webhook-alert)
2020-04-25 18:56:07,923 DEBUG com.sapient.webhookalert.WebhookAlertApplication [restartedMain] Running with Spring Boot v2.2.6.RELEASE, Spring v5.2.5.RELEASE
2020-04-25 18:56:07,923 INFO com.sapient.webhookalert.WebhookAlertApplication [restartedMain] No active profile set, falling back to default profiles: default
2020-04-25 18:56:09,747 INFO com.sapient.webhookalert.WebhookAlertApplication [restartedMain] Started WebhookAlertApplication in 2.146 seconds (JVM running for 2.617)
2020-04-25 18:56:29,732 INFO com.sapient.controller.WebHookController [http-nio-6769-exec-4] hey there
wassup mate
how are you
your app has generated an error
kindly review
